2024/01/02 18:35:59 [warn] 1#1: conflicting server name "" on 0.0.0.0:80, ignored
2024/01/02 18:35:59 [warn] 1#1: conflicting server name "" on 0.0.0.0:443, ignored
2024/01/02 18:35:59 [notice] 1#1: using the "epoll" event method
2024/01/02 18:35:59 [notice] 1#1: nginx/1.23.4
2024/01/02 18:35:59 [notice] 1#1: built by gcc 12.2.1 20220924 (Alpine 12.2.1_git20220924-r4) 
2024/01/02 18:35:59 [notice] 1#1: OS: Linux 4.15.0-213-generic
2024/01/02 18:35:59 [notice] 1#1: getrlimit(RLIMIT_NOFILE): 1048576:1048576
2024/01/02 18:35:59 [notice] 1#1: start worker processes
2024/01/02 18:35:59 [notice] 1#1: start worker process 30
2024/01/02 18:35:59 [notice] 1#1: start worker process 31
2024/01/02 18:50:09 [notice] 1#1: signal 3 (SIGQUIT) received, shutting down
2024/01/02 18:50:09 [notice] 31#31: gracefully shutting down
2024/01/02 18:50:09 [notice] 30#30: gracefully shutting down
2024/01/02 18:50:09 [notice] 31#31: exiting
2024/01/02 18:50:09 [notice] 30#30: exiting
2024/01/02 18:50:09 [notice] 30#30: exit
2024/01/02 18:50:09 [notice] 31#31: exit
2024/01/02 18:50:09 [notice] 1#1: signal 17 (SIGCHLD) received from 30
2024/01/02 18:50:09 [notice] 1#1: worker process 30 exited with code 0
2024/01/02 18:50:09 [notice] 1#1: signal 29 (SIGIO) received
2024/01/02 18:50:09 [notice] 1#1: signal 17 (SIGCHLD) received from 31
2024/01/02 18:50:09 [notice] 1#1: worker process 31 exited with code 0
2024/01/02 18:50:09 [notice] 1#1: exit
2024/01/03 04:20:19 [emerg] 1#1: host not found in upstream "origin" in /etc/nginx/conf.d/default.conf:9
2024/01/03 04:20:39 [warn] 1#1: conflicting server name "" on 0.0.0.0:80, ignored
2024/01/03 04:20:39 [warn] 1#1: conflicting server name "" on 0.0.0.0:443, ignored
2024/01/03 04:20:39 [notice] 1#1: using the "epoll" event method
2024/01/03 04:20:39 [notice] 1#1: nginx/1.23.4
2024/01/03 04:20:39 [notice] 1#1: built by gcc 12.2.1 20220924 (Alpine 12.2.1_git20220924-r4) 
2024/01/03 04:20:39 [notice] 1#1: OS: Linux 5.15.0-88-generic
2024/01/03 04:20:39 [notice] 1#1: getrlimit(RLIMIT_NOFILE): 1048576:1048576
2024/01/03 04:20:39 [notice] 1#1: start worker processes
2024/01/03 04:20:39 [notice] 1#1: start worker process 30
2024/01/03 04:20:39 [notice] 1#1: start worker process 31
